[25/Feb/2015 19:33:54] DEBUG [backend.views:261] {u'user_id': [u'felix'], u'csrfmiddlewaretoken': [u'f8ouGxJAMAp1qIEWF8svS4o9vehsXnYL'], u'invitee': [u'camille'], u'inviter': [u'akhil'], u'file_name': [u'test']}
[25/Feb/2015 19:41:52] DEBUG [backend.views:262] {u'user_id': [u'felix'], u'csrfmiddlewaretoken': [u'f8ouGxJAMAp1qIEWF8svS4o9vehsXnYL'], u'invitee': [u'camille'], u'inviter': [u'akhil'], u'file_name': [u'test']}
[25/Feb/2015 19:41:52] DEBUG [backend.views:264] <WSGIRequest
path:/send_invites/,
GET:<QueryDict: {}>,
POST:<QueryDict: {u'inviter': [u'akhil'], u'csrfmiddlewaretoken': [u'f8ouGxJAMAp1qIEWF8svS4o9vehsXnYL'], u'invitee': [u'camille'], u'user_id': [u'felix'], u'file_name': [u'test']}>,
COOKIES:{'csrftoken': 'f8ouGxJAMAp1qIEWF8svS4o9vehsXnYL'},
META:{'CONTENT_LENGTH': '111',
 'CONTENT_TYPE': 'application/x-www-form-urlencoded',
 u'CSRF_COOKIE': u'f8ouGxJAMAp1qIEWF8svS4o9vehsXnYL',
 'HTTP_ACCEPT': 'text/html,application/xhtml+xml,application/xml;q=0.9,image/webp,*/*;q=0.8',
 'HTTP_ACCEPT_ENCODING': 'gzip, deflate',
 'HTTP_ACCEPT_LANGUAGE': 'en-US,en;q=0.8',
 'HTTP_CACHE_CONTROL': 'max-age=0',
 'HTTP_CONNECTION': 'keep-alive',
 'HTTP_COOKIE': 'csrftoken=f8ouGxJAMAp1qIEWF8svS4o9vehsXnYL',
 'HTTP_HOST': '0.0.0.0:5000',
 'HTTP_ORIGIN': 'http://0.0.0.0:5000',
 'HTTP_REFERER': 'http://0.0.0.0:5000/',
 'HTTP_USER_AGENT': 'Mozilla/5.0 (Macintosh; Intel Mac OS X 10_10_1) AppleWebKit/537.36 (KHTML, like Gecko) Chrome/40.0.2214.115 Safari/537.36',
 'PATH_INFO': u'/send_invites/',
 'QUERY_STRING': '',
 'RAW_URI': '/send_invites/',
 'REMOTE_ADDR': '127.0.0.1',
 'REMOTE_PORT': '53343',
 'REQUEST_METHOD': 'POST',
 'SCRIPT_NAME': u'',
 'SERVER_NAME': '0.0.0.0',
 'SERVER_PORT': '5000',
 'SERVER_PROTOCOL': 'HTTP/1.1',
 'SERVER_SOFTWARE': 'gunicorn/19.2.1',
 'gunicorn.socket': <socket._socketobject object at 0x1054983d0>,
 'wsgi.errors': <gunicorn.http.wsgi.WSGIErrorsWrapper object at 0x10549f690>,
 'wsgi.file_wrapper': <class 'gunicorn.http.wsgi.FileWrapper'>,
 'wsgi.input': <gunicorn.http.body.Body object at 0x10549f710>,
 'wsgi.multiprocess': False,
 'wsgi.multithread': False,
 'wsgi.run_once': False,
 'wsgi.url_scheme': 'http',
 'wsgi.version': (1, 0)}>
